<?xml version="1.0" encoding="UTF-8"?>
<testng-results ignored="0" total="1" passed="1" failed="0" skipped="0">
  <reporter-output>
  </reporter-output>
  <suite started-at="2021-09-01T13:02:56 IST" name="Default suite" finished-at="2021-09-01T13:03:05 IST" duration-ms="9205">
    <groups>
    </groups>
    <test started-at="2021-09-01T13:02:56 IST" name="Default test" finished-at="2021-09-01T13:03:05 IST" duration-ms="9205">
      <class name="testjk.testjkns">
        <test-method signature="jen()[pri:0, instance:testjk.testjkns@3738449f]" started-at="2021-09-01T13:02:56 IST" name="jen" finished-at="2021-09-01T13:03:05 IST" duration-ms="9130" status="PASS">
          <reporter-output>
          </reporter-output>
        </test-method> <!-- jen -->
      </class> <!-- testjk.testjkns -->
    </test> <!-- Default test -->
  </suite> <!-- Default suite -->
</testng-results>
