<?xml version="1.0" encoding="UTF-8"?>
<testng-results ignored="0" total="1" passed="1" failed="0" skipped="0">
  <reporter-output>
  </reporter-output>
  <suite started-at="2021-08-31T17:26:10 IST" name="Default suite" finished-at="2021-08-31T17:26:50 IST" duration-ms="40193">
    <groups>
    </groups>
    <test started-at="2021-08-31T17:26:10 IST" name="Default test" finished-at="2021-08-31T17:26:50 IST" duration-ms="40193">
      <class name="testjk.testjkns">
        <test-method signature="testjk()[pri:0, instance:testjk.testjkns@3738449f]" started-at="2021-08-31T17:26:10 IST" name="testjk" finished-at="2021-08-31T17:26:50 IST" duration-ms="40130" status="PASS">
          <reporter-output>
          </reporter-output>
        </test-method> <!-- testjk -->
      </class> <!-- testjk.testjkns -->
    </test> <!-- Default test -->
  </suite> <!-- Default suite -->
</testng-results>
